0 verbose cli D:\Program Files\nodejs\node.exe C:\Users\CarlosS\AppData\Roaming\npm\node_modules\npm\bin\npm-cli.js
1 info using npm@8.14.0
2 info using node@v14.17.0
3 timing npm:load:whichnode Completed in 2ms
4 timing config:load:defaults Completed in 3ms
5 timing config:load:file:C:\Users\CarlosS\AppData\Roaming\npm\node_modules\npm\npmrc Completed in 29ms
6 timing config:load:builtin Completed in 30ms
7 timing config:load:cli Completed in 9ms
8 timing config:load:env Completed in 1ms
9 timing config:load:file:C:\Users\CarlosS\Desktop\AtividadeTeste\to-do-list\.npmrc Completed in 0ms
10 timing config:load:project Completed in 4ms
11 timing config:load:file:C:\Users\CarlosS\.npmrc Completed in 1ms
12 timing config:load:user Completed in 1ms
13 timing config:load:file:C:\Users\CarlosS\AppData\Roaming\npm\etc\npmrc Completed in 1ms
14 timing config:load:global Completed in 4ms
15 timing config:load:validate Completed in 1ms
16 timing config:load:credentials Completed in 4ms
17 timing config:load:setEnvs Completed in 2ms
18 timing config:load Completed in 60ms
19 timing npm:load:configload Completed in 60ms
20 timing npm:load:mkdirpcache Completed in 2ms
21 timing npm:load:mkdirplogs Completed in 0ms
22 verbose title npm i ts-node-dev
23 verbose argv "i" "ts-node-dev" "--save-dev"
24 timing npm:load:setTitle Completed in 4ms
25 timing config:load:flatten Completed in 6ms
26 timing npm:load:display Completed in 10ms
27 verbose logfile logs-max:10 dir:C:\Users\CarlosS\Desktop\AtividadeTeste\to-do-list\tmpnodejsnpm-cache\_logs
28 verbose logfile C:\Users\CarlosS\Desktop\AtividadeTeste\to-do-list\tmpnodejsnpm-cache\_logs\2022-08-26T17_04_32_972Z-debug-0.log
29 timing npm:load:logFile Completed in 11ms
30 timing npm:load:timers Completed in 1ms
31 timing npm:load:configScope Completed in 1ms
32 timing npm:load Completed in 93ms
33 timing arborist:ctor Completed in 2ms
34 silly logfile start cleaning logs, removing 1 files
35 silly logfile done cleaning log files
36 timing idealTree:init Completed in 179ms
37 timing idealTree:userRequests Completed in 4ms
38 silly idealTree buildDeps
39 silly fetch manifest ts-node-dev@*
40 timing arborist:ctor Completed in 0ms
41 http fetch GET 200 https://registry.npmjs.org/ts-node-dev 1260ms (cache revalidated)
42 silly fetch manifest node-notifier@*
43 http fetch GET 200 https://registry.npmjs.org/node-notifier 103ms (cache revalidated)
44 silly fetch manifest typescript@*
45 http fetch GET 200 https://registry.npmjs.org/typescript 160ms (cache revalidated)
46 silly placeDep ROOT ts-node-dev@2.0.0 OK for: to-do-list@1.0.0 want: *
47 silly placeDep ROOT typescript@4.8.2 OK for: ts-node-dev@2.0.0 want: *
48 silly fetch manifest chokidar@^3.5.1
49 silly fetch manifest dynamic-dedupe@^0.3.0
50 silly fetch manifest minimist@^1.2.6
51 silly fetch manifest mkdirp@^1.0.4
52 silly fetch manifest rimraf@^2.6.1
53 silly fetch manifest source-map-support@^0.5.12
54 silly fetch manifest tree-kill@^1.2.2
55 silly fetch manifest ts-node@^10.4.0
56 silly fetch manifest tsconfig@^7.0.0
57 http fetch GET 200 https://registry.npmjs.org/mkdirp 178ms (cache revalidated)
58 http fetch GET 200 https://registry.npmjs.org/rimraf 189ms (cache revalidated)
59 http fetch GET 200 https://registry.npmjs.org/source-map-support 197ms (cache revalidated)
60 http fetch GET 200 https://registry.npmjs.org/tsconfig 198ms (cache revalidated)
61 http fetch GET 200 https://registry.npmjs.org/chokidar 221ms (cache revalidated)
62 http fetch GET 200 https://registry.npmjs.org/minimist 228ms (cache revalidated)
63 http fetch GET 200 https://registry.npmjs.org/tree-kill 224ms (cache revalidated)
64 http fetch GET 200 https://registry.npmjs.org/ts-node 220ms (cache revalidated)
65 http fetch GET 200 https://registry.npmjs.org/dynamic-dedupe 1049ms (cache revalidated)
66 timing idealTree:#root Completed in 2680ms
67 silly fetch manifest @swc/core@>=1.2.50
68 http fetch GET 200 https://registry.npmjs.org/@swc%2fcore 335ms (cache revalidated)
69 silly fetch manifest @swc/wasm@>=1.2.50
70 http fetch GET 200 https://registry.npmjs.org/@swc%2fwasm 337ms (cache revalidated)
71 silly fetch manifest @types/node@*
72 http fetch GET 200 https://registry.npmjs.org/@types%2fnode 110ms (cache revalidated)
73 silly placeDep ROOT chokidar@3.5.3 OK for: ts-node-dev@2.0.0 want: ^3.5.1
74 silly placeDep ROOT dynamic-dedupe@0.3.0 OK for: ts-node-dev@2.0.0 want: ^0.3.0
75 silly placeDep ROOT minimist@1.2.6 OK for: ts-node-dev@2.0.0 want: ^1.2.6
76 silly placeDep ROOT mkdirp@1.0.4 OK for: ts-node-dev@2.0.0 want: ^1.0.4
77 silly placeDep ROOT rimraf@2.7.1 OK for: ts-node-dev@2.0.0 want: ^2.6.1
78 silly placeDep ROOT source-map-support@0.5.21 OK for: ts-node-dev@2.0.0 want: ^0.5.12
79 silly placeDep ROOT tree-kill@1.2.2 OK for: ts-node-dev@2.0.0 want: ^1.2.2
80 silly placeDep ROOT ts-node@10.9.1 OK for: ts-node-dev@2.0.0 want: ^10.4.0
81 silly placeDep ROOT tsconfig@7.0.0 OK for: ts-node-dev@2.0.0 want: ^7.0.0
82 silly fetch manifest anymatch@~3.1.2
83 silly fetch manifest braces@~3.0.2
84 silly fetch manifest glob-parent@~5.1.2
85 silly fetch manifest is-binary-path@~2.1.0
86 silly fetch manifest is-glob@~4.0.1
87 silly fetch manifest normalize-path@~3.0.0
88 silly fetch manifest readdirp@~3.6.0
89 silly fetch manifest fsevents@~2.3.2
90 silly fetch manifest xtend@^4.0.0
91 silly fetch manifest glob@^7.1.3
92 silly fetch manifest buffer-from@^1.0.0
93 silly fetch manifest source-map@^0.6.0
94 silly fetch manifest @cspotcode/source-map-support@^0.8.0
95 silly fetch manifest @tsconfig/node10@^1.0.7
96 silly fetch manifest @tsconfig/node12@^1.0.7
97 silly fetch manifest @tsconfig/node14@^1.0.0
98 silly fetch manifest @tsconfig/node16@^1.0.2
99 silly fetch manifest acorn@^8.4.1
100 silly fetch manifest acorn-walk@^8.1.1
101 silly fetch manifest arg@^4.1.0
102 silly fetch manifest create-require@^1.1.0
103 silly fetch manifest diff@^4.0.1
104 silly fetch manifest make-error@^1.1.1
105 silly fetch manifest v8-compile-cache-lib@^3.0.1
106 silly fetch manifest yn@3.1.1
107 silly fetch manifest @types/strip-bom@^3.0.0
108 silly fetch manifest @types/strip-json-comments@0.0.30
109 silly fetch manifest strip-bom@^3.0.0
110 silly fetch manifest strip-json-comments@^2.0.0
111 http fetch GET 200 https://registry.npmjs.org/anymatch 360ms (cache revalidated)
112 http fetch GET 200 https://registry.npmjs.org/glob 347ms (cache revalidated)
113 http fetch GET 200 https://registry.npmjs.org/braces 380ms (cache revalidated)
114 http fetch GET 200 https://registry.npmjs.org/fsevents 371ms (cache revalidated)
115 http fetch GET 200 https://registry.npmjs.org/is-glob 380ms (cache revalidated)
116 http fetch GET 200 https://registry.npmjs.org/glob-parent 385ms (cache revalidated)
117 http fetch GET 200 https://registry.npmjs.org/is-binary-path 392ms (cache revalidated)
118 http fetch GET 200 https://registry.npmjs.org/normalize-path 387ms (cache revalidated)
119 http fetch GET 200 https://registry.npmjs.org/source-map 378ms (cache revalidated)
120 http fetch GET 200 https://registry.npmjs.org/readdirp 400ms (cache revalidated)
121 http fetch GET 200 https://registry.npmjs.org/acorn 388ms (cache revalidated)
122 http fetch GET 200 https://registry.npmjs.org/v8-compile-cache-lib 396ms (cache revalidated)
123 http fetch GET 200 https://registry.npmjs.org/create-require 419ms (cache revalidated)
124 http fetch GET 200 https://registry.npmjs.org/buffer-from 435ms (cache revalidated)
125 http fetch GET 200 https://registry.npmjs.org/strip-json-comments 417ms (cache revalidated)
126 http fetch GET 200 https://registry.npmjs.org/@types%2fstrip-bom 504ms (cache revalidated)
127 http fetch GET 200 https://registry.npmjs.org/strip-bom 503ms (cache revalidated)
128 http fetch GET 200 https://registry.npmjs.org/@types%2fstrip-json-comments 507ms (cache revalidated)
129 http fetch GET 200 https://registry.npmjs.org/xtend 539ms (cache revalidated)
130 http fetch GET 200 https://registry.npmjs.org/yn 517ms (cache revalidated)
131 http fetch GET 200 https://registry.npmjs.org/@cspotcode%2fsource-map-support 538ms (cache revalidated)
132 http fetch GET 200 https://registry.npmjs.org/diff 708ms (cache revalidated)
133 http fetch GET 200 https://registry.npmjs.org/make-error 723ms (cache revalidated)
134 http fetch GET 200 https://registry.npmjs.org/@tsconfig%2fnode14 746ms (cache revalidated)
135 http fetch GET 200 https://registry.npmjs.org/@tsconfig%2fnode10 763ms (cache revalidated)
136 http fetch GET 200 https://registry.npmjs.org/@tsconfig%2fnode12 763ms (cache revalidated)
137 http fetch GET 200 https://registry.npmjs.org/arg 762ms (cache revalidated)
138 http fetch GET 200 https://registry.npmjs.org/acorn-walk 767ms (cache revalidated)
139 http fetch GET 200 https://registry.npmjs.org/@tsconfig%2fnode16 838ms (cache revalidated)
140 timing idealTree:node_modules/ts-node-dev Completed in 1712ms
141 silly placeDep ROOT anymatch@3.1.2 OK for: chokidar@3.5.3 want: ~3.1.2
142 silly placeDep ROOT braces@3.0.2 OK for: chokidar@3.5.3 want: ~3.0.2
143 silly placeDep ROOT fsevents@2.3.2 OK for: chokidar@3.5.3 want: ~2.3.2
144 silly placeDep ROOT glob-parent@5.1.2 OK for: chokidar@3.5.3 want: ~5.1.2
145 silly placeDep ROOT is-binary-path@2.1.0 OK for: chokidar@3.5.3 want: ~2.1.0
146 silly placeDep ROOT is-glob@4.0.3 OK for: chokidar@3.5.3 want: ~4.0.1
147 silly placeDep ROOT normalize-path@3.0.0 OK for: chokidar@3.5.3 want: ~3.0.0
148 silly placeDep ROOT readdirp@3.6.0 OK for: chokidar@3.5.3 want: ~3.6.0
149 silly fetch manifest picomatch@^2.0.4
150 silly fetch manifest fill-range@^7.0.1
151 silly fetch manifest binary-extensions@^2.0.0
152 silly fetch manifest is-extglob@^2.1.1
153 silly fetch manifest picomatch@^2.2.1
154 http fetch GET 200 https://registry.npmjs.org/picomatch 213ms (cache revalidated)
155 http fetch GET 200 https://registry.npmjs.org/picomatch 219ms (cache revalidated)
156 http fetch GET 200 https://registry.npmjs.org/is-extglob 241ms (cache revalidated)
157 http fetch GET 200 https://registry.npmjs.org/binary-extensions 245ms (cache revalidated)
158 http fetch GET 200 https://registry.npmjs.org/fill-range 256ms (cache revalidated)
159 timing idealTree:node_modules/chokidar Completed in 355ms
160 silly placeDep ROOT picomatch@2.3.1 OK for: anymatch@3.1.2 want: ^2.0.4
161 timing idealTree:node_modules/anymatch Completed in 4ms
162 silly placeDep ROOT fill-range@7.0.1 OK for: braces@3.0.2 want: ^7.0.1
163 silly fetch manifest to-regex-range@^5.0.1
164 http fetch GET 200 https://registry.npmjs.org/to-regex-range 133ms (cache revalidated)
165 timing idealTree:node_modules/braces Completed in 138ms
166 silly placeDep ROOT xtend@4.0.2 OK for: dynamic-dedupe@0.3.0 want: ^4.0.0
167 timing idealTree:node_modules/dynamic-dedupe Completed in 2ms
168 silly placeDep ROOT to-regex-range@5.0.1 OK for: fill-range@7.0.1 want: ^5.0.1
169 silly fetch manifest is-number@^7.0.0
170 http fetch GET 200 https://registry.npmjs.org/is-number 86ms (cache revalidated)
171 timing idealTree:node_modules/fill-range Completed in 91ms
172 timing idealTree:node_modules/fsevents Completed in 0ms
173 timing idealTree:node_modules/glob-parent Completed in 0ms
174 silly placeDep ROOT binary-extensions@2.2.0 OK for: is-binary-path@2.1.0 want: ^2.0.0
175 timing idealTree:node_modules/is-binary-path Completed in 3ms
176 timing idealTree:node_modules/binary-extensions Completed in 0ms
177 silly placeDep ROOT is-extglob@2.1.1 OK for: is-glob@4.0.3 want: ^2.1.1
178 timing idealTree:node_modules/is-glob Completed in 2ms
179 timing idealTree:node_modules/is-extglob Completed in 0ms
180 timing idealTree:node_modules/minimist Completed in 0ms
181 timing idealTree:node_modules/mkdirp Completed in 0ms
182 timing idealTree:node_modules/normalize-path Completed in 0ms
183 timing idealTree:node_modules/picomatch Completed in 0ms
184 timing idealTree:node_modules/readdirp Completed in 0ms
185 silly placeDep ROOT glob@7.2.3 OK for: rimraf@2.7.1 want: ^7.1.3
186 silly fetch manifest fs.realpath@^1.0.0
187 silly fetch manifest inflight@^1.0.4
188 silly fetch manifest minimatch@^3.1.1
189 silly fetch manifest once@^1.3.0
190 silly fetch manifest path-is-absolute@^1.0.0
191 http fetch GET 200 https://registry.npmjs.org/minimatch 89ms (cache revalidated)
192 http fetch GET 200 https://registry.npmjs.org/once 92ms (cache revalidated)
193 http fetch GET 200 https://registry.npmjs.org/inflight 95ms (cache revalidated)
194 http fetch GET 200 https://registry.npmjs.org/fs.realpath 111ms (cache revalidated)
195 http fetch GET 200 https://registry.npmjs.org/path-is-absolute 119ms (cache revalidated)
196 timing idealTree:node_modules/rimraf Completed in 130ms
197 silly placeDep ROOT fs.realpath@1.0.0 OK for: glob@7.2.3 want: ^1.0.0
198 silly placeDep ROOT inflight@1.0.6 OK for: glob@7.2.3 want: ^1.0.4
199 silly placeDep ROOT minimatch@3.1.2 OK for: glob@7.2.3 want: ^3.1.1
200 silly placeDep ROOT once@1.4.0 OK for: glob@7.2.3 want: ^1.3.0
201 silly placeDep ROOT path-is-absolute@1.0.1 OK for: glob@7.2.3 want: ^1.0.0
202 silly fetch manifest wrappy@1
203 silly fetch manifest brace-expansion@^1.1.7
204 http fetch GET 200 https://registry.npmjs.org/wrappy 81ms (cache revalidated)
205 http fetch GET 200 https://registry.npmjs.org/brace-expansion 85ms (cache revalidated)
206 timing idealTree:node_modules/glob Completed in 103ms
207 timing idealTree:node_modules/fs.realpath Completed in 0ms
208 silly placeDep ROOT wrappy@1.0.2 OK for: inflight@1.0.6 want: 1
209 timing idealTree:node_modules/inflight Completed in 3ms
210 silly placeDep ROOT brace-expansion@1.1.11 OK for: minimatch@3.1.2 want: ^1.1.7
211 silly fetch manifest balanced-match@^1.0.0
212 silly fetch manifest concat-map@0.0.1
213 http fetch GET 200 https://registry.npmjs.org/balanced-match 89ms (cache revalidated)
214 http fetch GET 200 https://registry.npmjs.org/concat-map 107ms (cache revalidated)
215 timing idealTree:node_modules/minimatch Completed in 114ms
216 silly placeDep ROOT balanced-match@1.0.2 OK for: brace-expansion@1.1.11 want: ^1.0.0
217 silly placeDep ROOT concat-map@0.0.1 OK for: brace-expansion@1.1.11 want: 0.0.1
218 timing idealTree:node_modules/brace-expansion Completed in 8ms
219 timing idealTree:node_modules/balanced-match Completed in 0ms
220 timing idealTree:node_modules/concat-map Completed in 0ms
221 timing idealTree:node_modules/once Completed in 0ms
222 timing idealTree:node_modules/path-is-absolute Completed in 0ms
223 silly placeDep ROOT buffer-from@1.1.2 OK for: source-map-support@0.5.21 want: ^1.0.0
224 silly placeDep ROOT source-map@0.6.1 OK for: source-map-support@0.5.21 want: ^0.6.0
225 timing idealTree:node_modules/source-map-support Completed in 7ms
226 timing idealTree:node_modules/buffer-from Completed in 0ms
227 timing idealTree:node_modules/source-map Completed in 0ms
228 silly placeDep ROOT is-number@7.0.0 OK for: to-regex-range@5.0.1 want: ^7.0.0
229 timing idealTree:node_modules/to-regex-range Completed in 3ms
230 timing idealTree:node_modules/is-number Completed in 0ms
231 timing idealTree:node_modules/tree-kill Completed in 0ms
232 silly placeDep ROOT @cspotcode/source-map-support@0.8.1 OK for: ts-node@10.9.1 want: ^0.8.0
233 silly placeDep ROOT @tsconfig/node10@1.0.9 OK for: ts-node@10.9.1 want: ^1.0.7
234 silly placeDep ROOT @tsconfig/node12@1.0.11 OK for: ts-node@10.9.1 want: ^1.0.7
235 silly placeDep ROOT @tsconfig/node14@1.0.3 OK for: ts-node@10.9.1 want: ^1.0.0
236 silly placeDep ROOT @tsconfig/node16@1.0.3 OK for: ts-node@10.9.1 want: ^1.0.2
237 silly placeDep ROOT acorn@8.8.0 OK for: ts-node@10.9.1 want: ^8.4.1
238 silly placeDep ROOT acorn-walk@8.2.0 OK for: ts-node@10.9.1 want: ^8.1.1
239 silly placeDep ROOT arg@4.1.3 OK for: ts-node@10.9.1 want: ^4.1.0
240 silly placeDep ROOT create-require@1.1.1 OK for: ts-node@10.9.1 want: ^1.1.0
241 silly placeDep ROOT diff@4.0.2 OK for: ts-node@10.9.1 want: ^4.0.1
242 silly placeDep ROOT make-error@1.3.6 OK for: ts-node@10.9.1 want: ^1.1.1
243 silly placeDep ROOT v8-compile-cache-lib@3.0.1 OK for: ts-node@10.9.1 want: ^3.0.1
244 silly placeDep ROOT yn@3.1.1 OK for: ts-node@10.9.1 want: 3.1.1
245 silly fetch manifest @jridgewell/trace-mapping@0.3.9
246 http fetch GET 200 https://registry.npmjs.org/@jridgewell%2ftrace-mapping 257ms (cache revalidated)
247 timing idealTree:node_modules/ts-node Completed in 330ms
248 silly placeDep ROOT @jridgewell/trace-mapping@0.3.9 OK for: @cspotcode/source-map-support@0.8.1 want: 0.3.9
249 silly fetch manifest @jridgewell/resolve-uri@^3.0.3
250 silly fetch manifest @jridgewell/sourcemap-codec@^1.4.10
251 http fetch GET 200 https://registry.npmjs.org/@jridgewell%2fresolve-uri 126ms (cache revalidated)
252 http fetch GET 200 https://registry.npmjs.org/@jridgewell%2fsourcemap-codec 141ms (cache revalidated)
253 timing idealTree:node_modules/@cspotcode/source-map-support Completed in 148ms
254 silly placeDep ROOT @jridgewell/resolve-uri@3.1.0 OK for: @jridgewell/trace-mapping@0.3.9 want: ^3.0.3
255 silly placeDep ROOT @jridgewell/sourcemap-codec@1.4.14 OK for: @jridgewell/trace-mapping@0.3.9 want: ^1.4.10
256 timing idealTree:node_modules/@jridgewell/trace-mapping Completed in 7ms
257 timing idealTree:node_modules/@jridgewell/resolve-uri Completed in 0ms
258 timing idealTree:node_modules/@jridgewell/sourcemap-codec Completed in 0ms
259 timing idealTree:node_modules/@tsconfig/node10 Completed in 0ms
260 timing idealTree:node_modules/@tsconfig/node12 Completed in 0ms
261 timing idealTree:node_modules/@tsconfig/node14 Completed in 0ms
262 timing idealTree:node_modules/@tsconfig/node16 Completed in 0ms
263 timing idealTree:node_modules/acorn Completed in 0ms
264 timing idealTree:node_modules/acorn-walk Completed in 0ms
265 timing idealTree:node_modules/arg Completed in 0ms
266 timing idealTree:node_modules/create-require Completed in 0ms
267 timing idealTree:node_modules/diff Completed in 0ms
268 timing idealTree:node_modules/make-error Completed in 0ms
269 silly placeDep ROOT @types/strip-bom@3.0.0 OK for: tsconfig@7.0.0 want: ^3.0.0
270 silly placeDep ROOT @types/strip-json-comments@0.0.30 OK for: tsconfig@7.0.0 want: 0.0.30
271 silly placeDep ROOT strip-bom@3.0.0 OK for: tsconfig@7.0.0 want: ^3.0.0
272 silly placeDep ROOT strip-json-comments@2.0.1 OK for: tsconfig@7.0.0 want: ^2.0.0
273 timing idealTree:node_modules/tsconfig Completed in 7ms
274 timing idealTree:node_modules/@types/strip-bom Completed in 0ms
275 timing idealTree:node_modules/@types/strip-json-comments Completed in 0ms
276 timing idealTree:node_modules/strip-bom Completed in 0ms
277 timing idealTree:node_modules/strip-json-comments Completed in 0ms
278 timing idealTree:node_modules/typescript Completed in 0ms
279 timing idealTree:node_modules/v8-compile-cache-lib Completed in 0ms
280 timing idealTree:node_modules/wrappy Completed in 0ms
281 timing idealTree:node_modules/xtend Completed in 0ms
282 timing idealTree:node_modules/yn Completed in 0ms
283 timing idealTree:buildDeps Completed in 5854ms
284 timing idealTree:fixDepFlags Completed in 4ms
285 timing idealTree Completed in 6049ms
286 timing reify:loadTrees Completed in 6050ms
287 timing reify:diffTrees Completed in 13ms
288 silly reify moves {}
289 timing reify:retireShallow Completed in 3ms
290 timing reify:createSparse Completed in 55ms
291 timing reify:loadBundles Completed in 0ms
292 silly audit bulk request {
292 silly audit   '@types/body-parser': [ '1.19.2' ],
292 silly audit   '@types/connect': [ '3.4.35' ],
292 silly audit   '@types/cors': [ '2.8.12' ],
292 silly audit   '@types/express': [ '4.17.13' ],
292 silly audit   '@types/express-serve-static-core': [ '4.17.30' ],
292 silly audit   '@types/knex': [ '0.16.1' ],
292 silly audit   '@types/mime': [ '3.0.1' ],
292 silly audit   '@types/node': [ '18.7.13' ],
292 silly audit   '@types/qs': [ '6.9.7' ],
292 silly audit   '@types/range-parser': [ '1.2.4' ],
292 silly audit   '@types/serve-static': [ '1.15.0' ],
292 silly audit   accepts: [ '1.3.8' ],
292 silly audit   'array-flatten': [ '1.1.1' ],
292 silly audit   'bignumber.js': [ '9.0.0' ],
292 silly audit   'body-parser': [ '1.20.0' ],
292 silly audit   bytes: [ '3.1.2' ],
292 silly audit   'call-bind': [ '1.0.2' ],
292 silly audit   colorette: [ '2.0.19' ],
292 silly audit   commander: [ '9.4.0' ],
292 silly audit   'content-disposition': [ '0.5.4' ],
292 silly audit   'content-type': [ '1.0.4' ],
292 silly audit   cookie: [ '0.5.0' ],
292 silly audit   'cookie-signature': [ '1.0.6' ],
292 silly audit   'core-util-is': [ '1.0.3' ],
292 silly audit   cors: [ '2.8.5' ],
292 silly audit   debug: [ '2.6.9', '4.3.4' ],
292 silly audit   depd: [ '2.0.0' ],
292 silly audit   destroy: [ '1.2.0' ],
292 silly audit   dotenv: [ '16.0.1' ],
292 silly audit   'ee-first': [ '1.1.1' ],
292 silly audit   encodeurl: [ '1.0.2' ],
292 silly audit   escalade: [ '3.1.1' ],
292 silly audit   'escape-html': [ '1.0.3' ],
292 silly audit   esm: [ '3.2.25' ],
292 silly audit   etag: [ '1.8.1' ],
292 silly audit   express: [ '4.18.1' ],
292 silly audit   finalhandler: [ '1.2.0' ],
292 silly audit   forwarded: [ '0.2.0' ],
292 silly audit   fresh: [ '0.5.2' ],
292 silly audit   'function-bind': [ '1.1.1' ],
292 silly audit   'get-intrinsic': [ '1.1.2' ],
292 silly audit   'get-package-type': [ '0.1.0' ],
292 silly audit   getopts: [ '2.3.0' ],
292 silly audit   has: [ '1.0.3' ],
292 silly audit   'has-symbols': [ '1.0.3' ],
292 silly audit   'http-errors': [ '2.0.0' ],
292 silly audit   'iconv-lite': [ '0.4.24' ],
292 silly audit   inherits: [ '2.0.4' ],
292 silly audit   interpret: [ '2.2.0' ],
292 silly audit   'ipaddr.js': [ '1.9.1' ],
292 silly audit   'is-core-module': [ '2.10.0' ],
292 silly audit   isarray: [ '1.0.0' ],
292 silly audit   knex: [ '2.2.0' ],
292 silly audit   ms: [ '2.1.2', '2.0.0', '2.1.3' ],
292 silly audit   lodash: [ '4.17.21' ],
292 silly audit   'media-typer': [ '0.3.0' ],
292 silly audit   'merge-descriptors': [ '1.0.1' ],
292 silly audit   methods: [ '1.1.2' ],
292 silly audit   mime: [ '1.6.0' ],
292 silly audit   'mime-db': [ '1.52.0' ],
292 silly audit   'mime-types': [ '2.1.35' ],
292 silly audit   mysql: [ '2.18.1' ],
292 silly audit   'safe-buffer': [ '5.1.2', '5.2.1' ],
292 silly audit   negotiator: [ '0.6.3' ],
292 silly audit   'object-assign': [ '4.1.1' ],
292 silly audit   'object-inspect': [ '1.12.2' ],
292 silly audit   'on-finished': [ '2.4.1' ],
292 silly audit   parseurl: [ '1.3.3' ],
292 silly audit   'path-parse': [ '1.0.7' ],
292 silly audit   'path-to-regexp': [ '0.1.7' ],
292 silly audit   'pg-connection-string': [ '2.5.0' ],
292 silly audit   'process-nextick-args': [ '2.0.1' ],
292 silly audit   'proxy-addr': [ '2.0.7' ],
292 silly audit   qs: [ '6.10.3' ],
292 silly audit   'range-parser': [ '1.2.1' ],
292 silly audit   'raw-body': [ '2.5.1' ],
292 silly audit   'readable-stream': [ '2.3.7' ],
292 silly audit   rechoir: [ '0.8.0' ],
292 silly audit   resolve: [ '1.22.1' ],
292 silly audit   'resolve-from': [ '5.0.0' ],
292 silly audit   'safer-buffer': [ '2.1.2' ],
292 silly audit   send: [ '0.18.0' ],
292 silly audit   'serve-static': [ '1.15.0' ],
292 silly audit   setprototypeof: [ '1.2.0' ],
292 silly audit   'side-channel': [ '1.0.4' ],
292 silly audit   sqlstring: [ '2.3.1' ],
292 silly audit   statuses: [ '2.0.1' ],
292 silly audit   string_decoder: [ '1.1.1' ],
292 silly audit   'supports-preserve-symlinks-flag': [ '1.0.0' ],
292 silly audit   tarn: [ '3.0.2' ],
292 silly audit   tildify: [ '2.0.0' ],
292 silly audit   toidentifier: [ '1.0.1' ],
292 silly audit   'type-is': [ '1.6.18' ],
292 silly audit   unpipe: [ '1.0.0' ],
292 silly audit   'util-deprecate': [ '1.0.2' ],
292 silly audit   'utils-merge': [ '1.0.1' ],
292 silly audit   vary: [ '1.1.2' ],
292 silly audit   'ts-node-dev': [ '2.0.0' ],
292 silly audit   typescript: [ '4.8.2' ],
292 silly audit   chokidar: [ '3.5.3' ],
292 silly audit   'dynamic-dedupe': [ '0.3.0' ],
292 silly audit   minimist: [ '1.2.6' ],
292 silly audit   mkdirp: [ '1.0.4' ],
292 silly audit   rimraf: [ '2.7.1' ],
292 silly audit   'source-map-support': [ '0.5.21' ],
292 silly audit   'tree-kill': [ '1.2.2' ],
292 silly audit   'ts-node': [ '10.9.1' ],
292 silly audit   tsconfig: [ '7.0.0' ],
292 silly audit   anymatch: [ '3.1.2' ],
292 silly audit   braces: [ '3.0.2' ],
292 silly audit   fsevents: [ '2.3.2' ],
292 silly audit   'glob-parent': [ '5.1.2' ],
292 silly audit   'is-binary-path': [ '2.1.0' ],
292 silly audit   'is-glob': [ '4.0.3' ],
292 silly audit   'normalize-path': [ '3.0.0' ],
292 silly audit   readdirp: [ '3.6.0' ],
292 silly audit   picomatch: [ '2.3.1' ],
292 silly audit   'fill-range': [ '7.0.1' ],
292 silly audit   xtend: [ '4.0.2' ],
292 silly audit   'to-regex-range': [ '5.0.1' ],
292 silly audit   'binary-extensions': [ '2.2.0' ],
292 silly audit   'is-extglob': [ '2.1.1' ],
292 silly audit   glob: [ '7.2.3' ],
292 silly audit   'fs.realpath': [ '1.0.0' ],
292 silly audit   inflight: [ '1.0.6' ],
292 silly audit   minimatch: [ '3.1.2' ],
292 silly audit   once: [ '1.4.0' ],
292 silly audit   'path-is-absolute': [ '1.0.1' ],
292 silly audit   wrappy: [ '1.0.2' ],
292 silly audit   'brace-expansion': [ '1.1.11' ],
292 silly audit   'balanced-match': [ '1.0.2' ],
292 silly audit   'concat-map': [ '0.0.1' ],
292 silly audit   'buffer-from': [ '1.1.2' ],
292 silly audit   'source-map': [ '0.6.1' ],
292 silly audit   'is-number': [ '7.0.0' ],
292 silly audit   '@cspotcode/source-map-support': [ '0.8.1' ],
292 silly audit   '@tsconfig/node10': [ '1.0.9' ],
292 silly audit   '@tsconfig/node12': [ '1.0.11' ],
292 silly audit   '@tsconfig/node14': [ '1.0.3' ],
292 silly audit   '@tsconfig/node16': [ '1.0.3' ],
292 silly audit   acorn: [ '8.8.0' ],
292 silly audit   'acorn-walk': [ '8.2.0' ],
292 silly audit   arg: [ '4.1.3' ],
292 silly audit   'create-require': [ '1.1.1' ],
292 silly audit   diff: [ '4.0.2' ],
292 silly audit   'make-error': [ '1.3.6' ],
292 silly audit   'v8-compile-cache-lib': [ '3.0.1' ],
292 silly audit   yn: [ '3.1.1' ],
292 silly audit   '@jridgewell/trace-mapping': [ '0.3.9' ],
292 silly audit   '@jridgewell/resolve-uri': [ '3.1.0' ],
292 silly audit   '@jridgewell/sourcemap-codec': [ '1.4.14' ],
292 silly audit   '@types/strip-bom': [ '3.0.0' ],
292 silly audit   '@types/strip-json-comments': [ '0.0.30' ],
292 silly audit   'strip-bom': [ '3.0.0' ],
292 silly audit   'strip-json-comments': [ '2.0.1' ]
292 silly audit }
293 verbose reify failed optional dependency C:\Users\CarlosS\Desktop\AtividadeTeste\to-do-list\node_modules\fsevents
294 silly reify mark deleted [
294 silly reify   'C:\\Users\\CarlosS\\Desktop\\AtividadeTeste\\to-do-list\\node_modules\\fsevents'
294 silly reify ]
295 timing reifyNode:node_modules/fsevents Completed in 42ms
296 http fetch POST 200 https://registry.npmjs.org/-/npm/v1/security/advisories/bulk 818ms
297 timing auditReport:getReport Completed in 835ms
298 silly audit report {}
299 timing auditReport:init Completed in 0ms
300 timing reify:audit Completed in 840ms
301 timing reifyNode:node_modules/@types/strip-bom Completed in 1186ms
302 timing reifyNode:node_modules/@tsconfig/node14 Completed in 1185ms
303 timing reifyNode:node_modules/@tsconfig/node16 Completed in 1185ms
304 timing reifyNode:node_modules/strip-bom Completed in 1189ms
305 timing reifyNode:node_modules/strip-json-comments Completed in 1189ms
306 timing reifyNode:node_modules/brace-expansion Completed in 1187ms
307 timing reifyNode:node_modules/path-is-absolute Completed in 1186ms
308 timing reifyNode:node_modules/@tsconfig/node10 Completed in 1189ms
309 timing reifyNode:node_modules/buffer-from Completed in 1189ms
310 timing reifyNode:node_modules/@types/strip-json-comments Completed in 1191ms
311 timing reifyNode:node_modules/wrappy Completed in 1188ms
312 timing reifyNode:node_modules/once Completed in 1189ms
313 timing reifyNode:node_modules/inflight Completed in 1190ms
314 timing reifyNode:node_modules/is-number Completed in 1192ms
315 timing reifyNode:node_modules/@tsconfig/node12 Completed in 1195ms
316 timing reifyNode:node_modules/is-extglob Completed in 1193ms
317 timing reifyNode:node_modules/normalize-path Completed in 1201ms
318 timing reifyNode:node_modules/fill-range Completed in 1206ms
319 timing reifyNode:node_modules/to-regex-range Completed in 1206ms
320 timing reifyNode:node_modules/is-glob Completed in 1208ms
321 timing reifyNode:node_modules/minimatch Completed in 1225ms
322 timing reifyNode:node_modules/is-binary-path Completed in 1237ms
323 timing reifyNode:node_modules/glob-parent Completed in 1238ms
324 timing reifyNode:node_modules/anymatch Completed in 1246ms
325 timing reifyNode:node_modules/arg Completed in 1251ms
326 timing reifyNode:node_modules/balanced-match Completed in 1251ms
327 timing reifyNode:node_modules/fs.realpath Completed in 1252ms
328 timing reifyNode:node_modules/readdirp Completed in 1265ms
329 timing reifyNode:node_modules/rimraf Completed in 1266ms
330 timing reifyNode:node_modules/v8-compile-cache-lib Completed in 1278ms
331 timing reifyNode:node_modules/yn Completed in 1280ms
332 timing reifyNode:node_modules/create-require Completed in 1279ms
333 timing reifyNode:node_modules/make-error Completed in 1311ms
334 timing reifyNode:node_modules/tree-kill Completed in 1327ms
335 timing reifyNode:node_modules/binary-extensions Completed in 1342ms
336 timing reifyNode:node_modules/glob Completed in 1343ms
337 timing reifyNode:node_modules/xtend Completed in 1347ms
338 timing reifyNode:node_modules/concat-map Completed in 1364ms
339 timing reifyNode:node_modules/acorn-walk Completed in 1387ms
340 timing reifyNode:node_modules/source-map-support Completed in 1400ms
341 timing reifyNode:node_modules/@jridgewell/resolve-uri Completed in 1422ms
342 timing reifyNode:node_modules/tsconfig Completed in 1420ms
343 timing reifyNode:node_modules/@jridgewell/sourcemap-codec Completed in 1441ms
344 timing reifyNode:node_modules/chokidar Completed in 1435ms
345 timing reifyNode:node_modules/@cspotcode/source-map-support Completed in 1481ms
346 timing reifyNode:node_modules/picomatch Completed in 1485ms
347 timing reifyNode:node_modules/braces Completed in 1487ms
348 timing reifyNode:node_modules/mkdirp Completed in 1489ms
349 timing reifyNode:node_modules/@jridgewell/trace-mapping Completed in 2122ms
350 timing reifyNode:node_modules/acorn Completed in 2146ms
351 timing reifyNode:node_modules/dynamic-dedupe Completed in 2143ms
352 timing reifyNode:node_modules/minimist Completed in 2147ms
353 timing reifyNode:node_modules/ts-node-dev Completed in 2149ms
354 timing reifyNode:node_modules/diff Completed in 2423ms
355 timing reifyNode:node_modules/source-map Completed in 2435ms
356 timing reifyNode:node_modules/ts-node Completed in 3676ms
357 timing reifyNode:node_modules/typescript Completed in 7490ms
358 timing reify:unpack Completed in 7499ms
359 timing reify:unretire Completed in 0ms
360 timing build:queue Completed in 3ms
361 timing build:link:node_modules/acorn Completed in 59ms
362 timing build:link:node_modules/rimraf Completed in 59ms
363 timing build:link:node_modules/mkdirp Completed in 59ms
364 timing build:link:node_modules/tree-kill Completed in 59ms
365 timing build:link:node_modules/ts-node-dev Completed in 58ms
366 timing build:link:node_modules/ts-node Completed in 73ms
367 timing build:link:node_modules/typescript Completed in 72ms
368 timing build:link Completed in 75ms
369 timing build:deps Completed in 79ms
370 timing build Completed in 80ms
371 timing reify:build Completed in 80ms
372 timing reify:trash Completed in 3ms
373 timing reify:save Completed in 161ms
374 timing reify Completed in 13966ms
375 silly ADD node_modules/strip-json-comments
376 silly ADD node_modules/strip-bom
377 silly ADD node_modules/@types/strip-json-comments
378 silly ADD node_modules/@types/strip-bom
379 silly ADD node_modules/@jridgewell/sourcemap-codec
380 silly ADD node_modules/@jridgewell/resolve-uri
381 silly ADD node_modules/@jridgewell/trace-mapping
382 silly ADD node_modules/yn
383 silly ADD node_modules/v8-compile-cache-lib
384 silly ADD node_modules/make-error
385 silly ADD node_modules/diff
386 silly ADD node_modules/create-require
387 silly ADD node_modules/arg
388 silly ADD node_modules/acorn-walk
389 silly ADD node_modules/acorn
390 silly ADD node_modules/@tsconfig/node16
391 silly ADD node_modules/@tsconfig/node14
392 silly ADD node_modules/@tsconfig/node12
393 silly ADD node_modules/@tsconfig/node10
394 silly ADD node_modules/@cspotcode/source-map-support
395 silly ADD node_modules/is-number
396 silly ADD node_modules/source-map
397 silly ADD node_modules/buffer-from
398 silly ADD node_modules/concat-map
399 silly ADD node_modules/balanced-match
400 silly ADD node_modules/brace-expansion
401 silly ADD node_modules/wrappy
402 silly ADD node_modules/path-is-absolute
403 silly ADD node_modules/once
404 silly ADD node_modules/minimatch
405 silly ADD node_modules/inflight
406 silly ADD node_modules/fs.realpath
407 silly ADD node_modules/glob
408 silly ADD node_modules/is-extglob
409 silly ADD node_modules/binary-extensions
410 silly ADD node_modules/to-regex-range
411 silly ADD node_modules/xtend
412 silly ADD node_modules/fill-range
413 silly ADD node_modules/picomatch
414 silly ADD node_modules/readdirp
415 silly ADD node_modules/normalize-path
416 silly ADD node_modules/is-glob
417 silly ADD node_modules/is-binary-path
418 silly ADD node_modules/glob-parent
419 silly ADD
420 silly ADD node_modules/braces
421 silly ADD node_modules/anymatch
422 silly ADD node_modules/tsconfig
423 silly ADD node_modules/ts-node
424 silly ADD node_modules/tree-kill
425 silly ADD node_modules/source-map-support
426 silly ADD node_modules/rimraf
427 silly ADD node_modules/mkdirp
428 silly ADD node_modules/minimist
429 silly ADD node_modules/dynamic-dedupe
430 silly ADD node_modules/chokidar
431 silly ADD node_modules/typescript
432 silly ADD node_modules/ts-node-dev
433 timing command:i Completed in 13980ms
434 verbose exit 0
435 timing npm Completed in 14298ms
436 info ok
