0 verbose cli D:\Program Files\nodejs\node.exe C:\Users\CarlosS\AppData\Roaming\npm\node_modules\npm\bin\npm-cli.js
1 info using npm@8.14.0
2 info using node@v14.17.0
3 timing npm:load:whichnode Completed in 1ms
4 timing config:load:defaults Completed in 2ms
5 timing config:load:file:C:\Users\CarlosS\AppData\Roaming\npm\node_modules\npm\npmrc Completed in 11ms
6 timing config:load:builtin Completed in 11ms
7 timing config:load:cli Completed in 2ms
8 timing config:load:env Completed in 1ms
9 timing config:load:file:C:\Users\CarlosS\Desktop\AtividadeTeste\to-do-list\.npmrc Completed in 0ms
10 timing config:load:project Completed in 2ms
11 timing config:load:file:C:\Users\CarlosS\.npmrc Completed in 0ms
12 timing config:load:user Completed in 1ms
13 timing config:load:file:C:\Users\CarlosS\AppData\Roaming\npm\etc\npmrc Completed in 2ms
14 timing config:load:global Completed in 2ms
15 timing config:load:validate Completed in 1ms
16 timing config:load:credentials Completed in 2ms
17 timing config:load:setEnvs Completed in 1ms
18 timing config:load Completed in 27ms
19 timing npm:load:configload Completed in 27ms
20 timing npm:load:mkdirpcache Completed in 2ms
21 timing npm:load:mkdirplogs Completed in 0ms
22 verbose title npm i knex mysql @types/knex
23 verbose argv "i" "knex" "mysql" "@types/knex"
24 timing npm:load:setTitle Completed in 3ms
25 timing config:load:flatten Completed in 6ms
26 timing npm:load:display Completed in 8ms
27 verbose logfile logs-max:10 dir:C:\Users\CarlosS\Desktop\AtividadeTeste\to-do-list\tmpnodejsnpm-cache\_logs
28 verbose logfile C:\Users\CarlosS\Desktop\AtividadeTeste\to-do-list\tmpnodejsnpm-cache\_logs\2022-08-26T16_47_23_298Z-debug-0.log
29 timing npm:load:logFile Completed in 11ms
30 timing npm:load:timers Completed in 0ms
31 timing npm:load:configScope Completed in 0ms
32 timing npm:load Completed in 52ms
33 timing arborist:ctor Completed in 1ms
34 silly logfile done cleaning log files
35 timing idealTree:init Completed in 111ms
36 timing idealTree:userRequests Completed in 4ms
37 silly idealTree buildDeps
38 silly fetch manifest knex@*
39 timing arborist:ctor Completed in 0ms
40 http fetch GET 200 https://registry.npmjs.org/knex 1230ms (cache miss)
41 silly fetch manifest mysql@*
42 http fetch GET 200 https://registry.npmjs.org/mysql 1008ms (cache miss)
43 silly fetch manifest @types/knex@*
44 http fetch GET 200 https://registry.npmjs.org/@types%2fknex 1773ms (cache miss)
45 silly placeDep ROOT @types/knex@0.16.1 OK for: to-do-list@1.0.0 want: *
46 silly placeDep ROOT knex@2.2.0 OK for: to-do-list@1.0.0 want: *
47 silly placeDep ROOT mysql@2.18.1 OK for: to-do-list@1.0.0 want: *
48 silly fetch manifest colorette@2.0.19
49 silly fetch manifest commander@^9.1.0
50 silly fetch manifest debug@4.3.4
51 silly fetch manifest escalade@^3.1.1
52 silly fetch manifest esm@^3.2.25
53 silly fetch manifest get-package-type@^0.1.0
54 silly fetch manifest getopts@2.3.0
55 silly fetch manifest interpret@^2.2.0
56 silly fetch manifest lodash@^4.17.21
57 silly fetch manifest pg-connection-string@2.5.0
58 silly fetch manifest rechoir@^0.8.0
59 silly fetch manifest resolve-from@^5.0.0
60 silly fetch manifest tarn@^3.0.2
61 silly fetch manifest tildify@2.0.0
62 silly fetch manifest bignumber.js@9.0.0
63 silly fetch manifest readable-stream@2.3.7
64 silly fetch manifest safe-buffer@5.1.2
65 silly fetch manifest sqlstring@2.3.1
66 http fetch GET 200 https://registry.npmjs.org/debug 114ms (cache hit)
67 http fetch GET 200 https://registry.npmjs.org/safe-buffer 95ms (cache hit)
68 http fetch GET 200 https://registry.npmjs.org/colorette 121ms (cache miss)
69 http fetch GET 200 https://registry.npmjs.org/lodash 177ms (cache miss)
70 http fetch GET 200 https://registry.npmjs.org/escalade 186ms (cache miss)
71 http fetch GET 200 https://registry.npmjs.org/tarn 186ms (cache miss)
72 http fetch GET 200 https://registry.npmjs.org/rechoir 190ms (cache miss)
73 http fetch GET 200 https://registry.npmjs.org/get-package-type 230ms (cache miss)
74 http fetch GET 200 https://registry.npmjs.org/interpret 229ms (cache miss)
75 http fetch GET 200 https://registry.npmjs.org/resolve-from 242ms (cache miss)
76 http fetch GET 200 https://registry.npmjs.org/readable-stream 239ms (cache miss)
77 http fetch GET 200 https://registry.npmjs.org/pg-connection-string 274ms (cache miss)
78 http fetch GET 200 https://registry.npmjs.org/commander 292ms (cache miss)
79 http fetch GET 200 https://registry.npmjs.org/sqlstring 1032ms (cache miss)
80 http fetch GET 200 https://registry.npmjs.org/getopts 1056ms (cache miss)
81 http fetch GET 200 https://registry.npmjs.org/bignumber.js 1049ms (cache miss)
82 http fetch GET 200 https://registry.npmjs.org/esm 1112ms (cache miss)
83 http fetch GET 200 https://registry.npmjs.org/tildify 1229ms (cache miss)
84 timing idealTree:#root Completed in 5291ms
85 timing idealTree:node_modules/@types/knex Completed in 0ms
86 silly placeDep ROOT colorette@2.0.19 OK for: knex@2.2.0 want: 2.0.19
87 silly placeDep ROOT commander@9.4.0 OK for: knex@2.2.0 want: ^9.1.0
88 silly placeDep node_modules/knex debug@4.3.4 OK for: knex@2.2.0 want: 4.3.4
89 silly placeDep ROOT escalade@3.1.1 OK for: knex@2.2.0 want: ^3.1.1
90 silly placeDep ROOT esm@3.2.25 OK for: knex@2.2.0 want: ^3.2.25
91 silly placeDep ROOT get-package-type@0.1.0 OK for: knex@2.2.0 want: ^0.1.0
92 silly placeDep ROOT getopts@2.3.0 OK for: knex@2.2.0 want: 2.3.0
93 silly placeDep ROOT interpret@2.2.0 OK for: knex@2.2.0 want: ^2.2.0
94 silly placeDep ROOT lodash@4.17.21 OK for: knex@2.2.0 want: ^4.17.21
95 silly placeDep ROOT pg-connection-string@2.5.0 OK for: knex@2.2.0 want: 2.5.0
96 silly placeDep ROOT rechoir@0.8.0 OK for: knex@2.2.0 want: ^0.8.0
97 silly placeDep ROOT resolve-from@5.0.0 OK for: knex@2.2.0 want: ^5.0.0
98 silly placeDep ROOT tarn@3.0.2 OK for: knex@2.2.0 want: ^3.0.2
99 silly placeDep ROOT tildify@2.0.0 OK for: knex@2.2.0 want: 2.0.0
100 silly fetch manifest ms@2.1.2
101 silly fetch manifest resolve@^1.20.0
102 http fetch GET 200 https://registry.npmjs.org/ms 21ms (cache hit)
103 http fetch GET 200 https://registry.npmjs.org/resolve 25ms (cache hit)
104 timing idealTree:node_modules/knex Completed in 60ms
105 timing idealTree:node_modules/colorette Completed in 0ms
106 timing idealTree:node_modules/commander Completed in 0ms
107 timing idealTree:node_modules/escalade Completed in 0ms
108 timing idealTree:node_modules/esm Completed in 0ms
109 timing idealTree:node_modules/get-package-type Completed in 0ms
110 timing idealTree:node_modules/getopts Completed in 0ms
111 timing idealTree:node_modules/interpret Completed in 0ms
112 timing idealTree:node_modules/lodash Completed in 0ms
113 silly placeDep ROOT bignumber.js@9.0.0 OK for: mysql@2.18.1 want: 9.0.0
114 silly placeDep ROOT readable-stream@2.3.7 OK for: mysql@2.18.1 want: 2.3.7
115 silly placeDep node_modules/mysql safe-buffer@5.1.2 OK for: mysql@2.18.1 want: 5.1.2
116 silly placeDep ROOT sqlstring@2.3.1 OK for: mysql@2.18.1 want: 2.3.1
117 silly fetch manifest core-util-is@~1.0.0
118 silly fetch manifest isarray@~1.0.0
119 silly fetch manifest process-nextick-args@~2.0.0
120 silly fetch manifest safe-buffer@~5.1.1
121 silly fetch manifest string_decoder@~1.1.1
122 silly fetch manifest util-deprecate@~1.0.1
123 http fetch GET 200 https://registry.npmjs.org/string_decoder 107ms (cache miss)
124 http fetch GET 200 https://registry.npmjs.org/process-nextick-args 110ms (cache miss)
125 http fetch GET 200 https://registry.npmjs.org/isarray 116ms (cache miss)
126 http fetch GET 200 https://registry.npmjs.org/util-deprecate 117ms (cache miss)
127 http fetch GET 200 https://registry.npmjs.org/core-util-is 168ms (cache miss)
128 timing idealTree:node_modules/mysql Completed in 182ms
129 timing idealTree:node_modules/bignumber.js Completed in 0ms
130 timing idealTree:node_modules/pg-connection-string Completed in 0ms
131 silly placeDep ROOT core-util-is@1.0.3 OK for: readable-stream@2.3.7 want: ~1.0.0
132 silly placeDep ROOT isarray@1.0.0 OK for: readable-stream@2.3.7 want: ~1.0.0
133 silly placeDep ROOT process-nextick-args@2.0.1 OK for: readable-stream@2.3.7 want: ~2.0.0
134 silly placeDep node_modules/readable-stream safe-buffer@5.1.2 OK for: readable-stream@2.3.7 want: ~5.1.1
135 silly placeDep ROOT string_decoder@1.1.1 OK for: readable-stream@2.3.7 want: ~1.1.1
136 silly placeDep ROOT util-deprecate@1.0.2 OK for: readable-stream@2.3.7 want: ~1.0.1
137 silly fetch manifest safe-buffer@~5.1.0
138 timing idealTree:node_modules/readable-stream Completed in 16ms
139 timing idealTree:node_modules/core-util-is Completed in 0ms
140 timing idealTree:node_modules/isarray Completed in 0ms
141 timing idealTree:node_modules/process-nextick-args Completed in 0ms
142 silly placeDep ROOT resolve@1.22.1 OK for: rechoir@0.8.0 want: ^1.20.0
143 silly fetch manifest is-core-module@^2.9.0
144 silly fetch manifest path-parse@^1.0.7
145 silly fetch manifest supports-preserve-symlinks-flag@^1.0.0
146 http fetch GET 200 https://registry.npmjs.org/is-core-module 20ms (cache hit)
147 http fetch GET 200 https://registry.npmjs.org/path-parse 20ms (cache hit)
148 http fetch GET 200 https://registry.npmjs.org/supports-preserve-symlinks-flag 21ms (cache hit)
149 timing idealTree:node_modules/rechoir Completed in 28ms
150 silly placeDep ROOT is-core-module@2.10.0 OK for: resolve@1.22.1 want: ^2.9.0
151 silly placeDep ROOT path-parse@1.0.7 OK for: resolve@1.22.1 want: ^1.0.7
152 silly placeDep ROOT supports-preserve-symlinks-flag@1.0.0 OK for: resolve@1.22.1 want: ^1.0.0
153 timing idealTree:node_modules/resolve Completed in 6ms
154 timing idealTree:node_modules/is-core-module Completed in 0ms
155 timing idealTree:node_modules/path-parse Completed in 0ms
156 timing idealTree:node_modules/resolve-from Completed in 0ms
157 timing idealTree:node_modules/sqlstring Completed in 0ms
158 silly placeDep node_modules/string_decoder safe-buffer@5.1.2 OK for: string_decoder@1.1.1 want: ~5.1.0
159 timing idealTree:node_modules/string_decoder Completed in 2ms
160 timing idealTree:node_modules/supports-preserve-symlinks-flag Completed in 0ms
161 timing idealTree:node_modules/tarn Completed in 0ms
162 timing idealTree:node_modules/tildify Completed in 0ms
163 timing idealTree:node_modules/util-deprecate Completed in 0ms
164 silly placeDep node_modules/knex ms@2.1.2 OK for: debug@4.3.4 want: 2.1.2
165 timing idealTree:node_modules/knex/node_modules/debug Completed in 2ms
166 timing idealTree:node_modules/knex/node_modules/ms Completed in 0ms
167 timing idealTree:node_modules/mysql/node_modules/safe-buffer Completed in 0ms
168 timing idealTree:node_modules/readable-stream/node_modules/safe-buffer Completed in 0ms
169 timing idealTree:node_modules/string_decoder/node_modules/safe-buffer Completed in 0ms
170 timing idealTree:buildDeps Completed in 5594ms
171 timing idealTree:fixDepFlags Completed in 3ms
172 timing idealTree Completed in 5718ms
173 timing reify:loadTrees Completed in 5720ms
174 timing reify:diffTrees Completed in 6ms
175 silly reify moves {}
176 timing reify:retireShallow Completed in 2ms
177 timing reify:createSparse Completed in 21ms
178 timing reify:loadBundles Completed in 0ms
179 silly audit bulk request {
179 silly audit   '@types/body-parser': [ '1.19.2' ],
179 silly audit   '@types/connect': [ '3.4.35' ],
179 silly audit   '@types/cors': [ '2.8.12' ],
179 silly audit   '@types/express': [ '4.17.13' ],
179 silly audit   '@types/express-serve-static-core': [ '4.17.30' ],
179 silly audit   '@types/mime': [ '3.0.1' ],
179 silly audit   '@types/node': [ '18.7.13' ],
179 silly audit   '@types/qs': [ '6.9.7' ],
179 silly audit   '@types/range-parser': [ '1.2.4' ],
179 silly audit   '@types/serve-static': [ '1.15.0' ],
179 silly audit   accepts: [ '1.3.8' ],
179 silly audit   'array-flatten': [ '1.1.1' ],
179 silly audit   'body-parser': [ '1.20.0' ],
179 silly audit   bytes: [ '3.1.2' ],
179 silly audit   'call-bind': [ '1.0.2' ],
179 silly audit   'content-disposition': [ '0.5.4' ],
179 silly audit   'content-type': [ '1.0.4' ],
179 silly audit   cookie: [ '0.5.0' ],
179 silly audit   'cookie-signature': [ '1.0.6' ],
179 silly audit   cors: [ '2.8.5' ],
179 silly audit   debug: [ '2.6.9', '4.3.4' ],
179 silly audit   depd: [ '2.0.0' ],
179 silly audit   destroy: [ '1.2.0' ],
179 silly audit   'ee-first': [ '1.1.1' ],
179 silly audit   encodeurl: [ '1.0.2' ],
179 silly audit   'escape-html': [ '1.0.3' ],
179 silly audit   etag: [ '1.8.1' ],
179 silly audit   express: [ '4.18.1' ],
179 silly audit   finalhandler: [ '1.2.0' ],
179 silly audit   forwarded: [ '0.2.0' ],
179 silly audit   fresh: [ '0.5.2' ],
179 silly audit   'function-bind': [ '1.1.1' ],
179 silly audit   'get-intrinsic': [ '1.1.2' ],
179 silly audit   has: [ '1.0.3' ],
179 silly audit   'has-symbols': [ '1.0.3' ],
179 silly audit   'http-errors': [ '2.0.0' ],
179 silly audit   'iconv-lite': [ '0.4.24' ],
179 silly audit   inherits: [ '2.0.4' ],
179 silly audit   'ipaddr.js': [ '1.9.1' ],
179 silly audit   'media-typer': [ '0.3.0' ],
179 silly audit   'merge-descriptors': [ '1.0.1' ],
179 silly audit   methods: [ '1.1.2' ],
179 silly audit   mime: [ '1.6.0' ],
179 silly audit   'mime-db': [ '1.52.0' ],
179 silly audit   'mime-types': [ '2.1.35' ],
179 silly audit   ms: [ '2.0.0', '2.1.3', '2.1.2' ],
179 silly audit   negotiator: [ '0.6.3' ],
179 silly audit   'object-assign': [ '4.1.1' ],
179 silly audit   'object-inspect': [ '1.12.2' ],
179 silly audit   'on-finished': [ '2.4.1' ],
179 silly audit   parseurl: [ '1.3.3' ],
179 silly audit   'path-to-regexp': [ '0.1.7' ],
179 silly audit   'proxy-addr': [ '2.0.7' ],
179 silly audit   qs: [ '6.10.3' ],
179 silly audit   'range-parser': [ '1.2.1' ],
179 silly audit   'raw-body': [ '2.5.1' ],
179 silly audit   'safe-buffer': [ '5.2.1', '5.1.2' ],
179 silly audit   'safer-buffer': [ '2.1.2' ],
179 silly audit   send: [ '0.18.0' ],
179 silly audit   'serve-static': [ '1.15.0' ],
179 silly audit   setprototypeof: [ '1.2.0' ],
179 silly audit   'side-channel': [ '1.0.4' ],
179 silly audit   statuses: [ '2.0.1' ],
179 silly audit   toidentifier: [ '1.0.1' ],
179 silly audit   'type-is': [ '1.6.18' ],
179 silly audit   unpipe: [ '1.0.0' ],
179 silly audit   'utils-merge': [ '1.0.1' ],
179 silly audit   vary: [ '1.1.2' ],
179 silly audit   '@types/knex': [ '0.16.1' ],
179 silly audit   knex: [ '2.2.0' ],
179 silly audit   mysql: [ '2.18.1' ],
179 silly audit   colorette: [ '2.0.19' ],
179 silly audit   commander: [ '9.4.0' ],
179 silly audit   escalade: [ '3.1.1' ],
179 silly audit   esm: [ '3.2.25' ],
179 silly audit   'get-package-type': [ '0.1.0' ],
179 silly audit   getopts: [ '2.3.0' ],
179 silly audit   interpret: [ '2.2.0' ],
179 silly audit   lodash: [ '4.17.21' ],
179 silly audit   'pg-connection-string': [ '2.5.0' ],
179 silly audit   rechoir: [ '0.8.0' ],
179 silly audit   'resolve-from': [ '5.0.0' ],
179 silly audit   tarn: [ '3.0.2' ],
179 silly audit   tildify: [ '2.0.0' ],
179 silly audit   'bignumber.js': [ '9.0.0' ],
179 silly audit   'readable-stream': [ '2.3.7' ],
179 silly audit   sqlstring: [ '2.3.1' ],
179 silly audit   'core-util-is': [ '1.0.3' ],
179 silly audit   isarray: [ '1.0.0' ],
179 silly audit   'process-nextick-args': [ '2.0.1' ],
179 silly audit   string_decoder: [ '1.1.1' ],
179 silly audit   'util-deprecate': [ '1.0.2' ],
179 silly audit   resolve: [ '1.22.1' ],
179 silly audit   'is-core-module': [ '2.10.0' ],
179 silly audit   'path-parse': [ '1.0.7' ],
179 silly audit   'supports-preserve-symlinks-flag': [ '1.0.0' ]
179 silly audit }
180 silly tarball no local data for util-deprecate@https://registry.npmjs.org/util-deprecate/-/util-deprecate-1.0.2.tgz. Extracting by manifest.
181 silly tarball no local data for string_decoder@https://registry.npmjs.org/string_decoder/-/string_decoder-1.1.1.tgz. Extracting by manifest.
182 silly tarball no local data for process-nextick-args@https://registry.npmjs.org/process-nextick-args/-/process-nextick-args-2.0.1.tgz. Extracting by manifest.
183 silly tarball no local data for isarray@https://registry.npmjs.org/isarray/-/isarray-1.0.0.tgz. Extracting by manifest.
184 silly tarball no local data for core-util-is@https://registry.npmjs.org/core-util-is/-/core-util-is-1.0.3.tgz. Extracting by manifest.
185 silly tarball no local data for readable-stream@https://registry.npmjs.org/readable-stream/-/readable-stream-2.3.7.tgz. Extracting by manifest.
186 silly tarball no local data for sqlstring@https://registry.npmjs.org/sqlstring/-/sqlstring-2.3.1.tgz. Extracting by manifest.
187 silly tarball no local data for bignumber.js@https://registry.npmjs.org/bignumber.js/-/bignumber.js-9.0.0.tgz. Extracting by manifest.
188 silly tarball no local data for tildify@https://registry.npmjs.org/tildify/-/tildify-2.0.0.tgz. Extracting by manifest.
189 silly tarball no local data for tarn@https://registry.npmjs.org/tarn/-/tarn-3.0.2.tgz. Extracting by manifest.
190 silly tarball no local data for resolve-from@https://registry.npmjs.org/resolve-from/-/resolve-from-5.0.0.tgz. Extracting by manifest.
191 silly tarball no local data for rechoir@https://registry.npmjs.org/rechoir/-/rechoir-0.8.0.tgz. Extracting by manifest.
192 silly tarball no local data for pg-connection-string@https://registry.npmjs.org/pg-connection-string/-/pg-connection-string-2.5.0.tgz. Extracting by manifest.
193 silly tarball no local data for lodash@https://registry.npmjs.org/lodash/-/lodash-4.17.21.tgz. Extracting by manifest.
194 silly tarball no local data for interpret@https://registry.npmjs.org/interpret/-/interpret-2.2.0.tgz. Extracting by manifest.
195 silly tarball no local data for getopts@https://registry.npmjs.org/getopts/-/getopts-2.3.0.tgz. Extracting by manifest.
196 silly tarball no local data for get-package-type@https://registry.npmjs.org/get-package-type/-/get-package-type-0.1.0.tgz. Extracting by manifest.
197 silly tarball no local data for esm@https://registry.npmjs.org/esm/-/esm-3.2.25.tgz. Extracting by manifest.
198 silly tarball no local data for escalade@https://registry.npmjs.org/escalade/-/escalade-3.1.1.tgz. Extracting by manifest.
199 silly tarball no local data for commander@https://registry.npmjs.org/commander/-/commander-9.4.0.tgz. Extracting by manifest.
200 silly tarball no local data for colorette@https://registry.npmjs.org/colorette/-/colorette-2.0.19.tgz. Extracting by manifest.
201 silly tarball no local data for mysql@https://registry.npmjs.org/mysql/-/mysql-2.18.1.tgz. Extracting by manifest.
202 silly tarball no local data for knex@https://registry.npmjs.org/knex/-/knex-2.2.0.tgz. Extracting by manifest.
203 silly tarball no local data for @types/knex@https://registry.npmjs.org/@types/knex/-/knex-0.16.1.tgz. Extracting by manifest.
204 silly tarball no local data for safe-buffer@https://registry.npmjs.org/safe-buffer/-/safe-buffer-5.1.2.tgz. Extracting by manifest.
205 silly tarball no local data for safe-buffer@https://registry.npmjs.org/safe-buffer/-/safe-buffer-5.1.2.tgz. Extracting by manifest.
206 silly tarball no local data for safe-buffer@https://registry.npmjs.org/safe-buffer/-/safe-buffer-5.1.2.tgz. Extracting by manifest.
207 silly tarball no local data for ms@https://registry.npmjs.org/ms/-/ms-2.1.2.tgz. Extracting by manifest.
208 silly tarball no local data for debug@https://registry.npmjs.org/debug/-/debug-4.3.4.tgz. Extracting by manifest.
209 http fetch POST 200 https://registry.npmjs.org/-/npm/v1/security/advisories/bulk 437ms
210 timing auditReport:getReport Completed in 452ms
211 silly audit report {}
212 timing auditReport:init Completed in 0ms
213 timing reify:audit Completed in 459ms
214 http fetch GET 200 https://registry.npmjs.org/util-deprecate/-/util-deprecate-1.0.2.tgz 622ms (cache miss)
215 timing reifyNode:node_modules/path-parse Completed in 685ms
216 http fetch GET 200 https://registry.npmjs.org/process-nextick-args/-/process-nextick-args-2.0.1.tgz 650ms (cache miss)
217 http fetch GET 200 https://registry.npmjs.org/isarray/-/isarray-1.0.0.tgz 674ms (cache miss)
218 http fetch GET 200 https://registry.npmjs.org/pg-connection-string/-/pg-connection-string-2.5.0.tgz 655ms (cache miss)
219 timing reifyNode:node_modules/process-nextick-args Completed in 722ms
220 http fetch GET 200 https://registry.npmjs.org/tildify/-/tildify-2.0.0.tgz 668ms (cache miss)
221 http fetch GET 200 https://registry.npmjs.org/resolve-from/-/resolve-from-5.0.0.tgz 700ms (cache miss)
222 http fetch GET 200 https://registry.npmjs.org/ms/-/ms-2.1.2.tgz 670ms (cache miss)
223 http fetch GET 200 https://registry.npmjs.org/interpret/-/interpret-2.2.0.tgz 696ms (cache miss)
224 timing reifyNode:node_modules/tildify Completed in 785ms
225 timing reifyNode:node_modules/resolve-from Completed in 786ms
226 timing reifyNode:node_modules/pg-connection-string Completed in 797ms
227 timing reifyNode:node_modules/knex/node_modules/ms Completed in 797ms
228 http fetch GET 200 https://registry.npmjs.org/core-util-is/-/core-util-is-1.0.3.tgz 754ms (cache miss)
229 timing reifyNode:node_modules/core-util-is Completed in 800ms
230 http fetch GET 200 https://registry.npmjs.org/@types/knex/-/knex-0.16.1.tgz 717ms (cache miss)
231 warn deprecated @types/knex@0.16.1: This is a stub types definition. knex provides its own type definitions, so you do not need this installed.
232 timing reifyNode:node_modules/@types/knex Completed in 800ms
233 http fetch GET 200 https://registry.npmjs.org/safe-buffer/-/safe-buffer-5.1.2.tgz 741ms (cache miss)
234 timing reifyNode:node_modules/util-deprecate Completed in 835ms
235 http fetch GET 200 https://registry.npmjs.org/string_decoder/-/string_decoder-1.1.1.tgz 799ms (cache miss)
236 http fetch GET 200 https://registry.npmjs.org/colorette/-/colorette-2.0.19.tgz 765ms (cache miss)
237 timing reifyNode:node_modules/readable-stream/node_modules/safe-buffer Completed in 869ms
238 timing reifyNode:node_modules/colorette Completed in 882ms
239 timing reifyNode:node_modules/interpret Completed in 887ms
240 http fetch GET 200 https://registry.npmjs.org/sqlstring/-/sqlstring-2.3.1.tgz 849ms (cache miss)
241 http fetch GET 200 https://registry.npmjs.org/getopts/-/getopts-2.3.0.tgz 834ms (cache miss)
242 timing reifyNode:node_modules/string_decoder Completed in 915ms
243 timing reifyNode:node_modules/isarray Completed in 916ms
244 timing reifyNode:node_modules/sqlstring Completed in 942ms
245 timing reifyNode:node_modules/getopts Completed in 946ms
246 http fetch GET 200 https://registry.npmjs.org/debug/-/debug-4.3.4.tgz 855ms (cache miss)
247 http fetch GET 200 https://registry.npmjs.org/get-package-type/-/get-package-type-0.1.0.tgz 894ms (cache miss)
248 http fetch GET 200 https://registry.npmjs.org/rechoir/-/rechoir-0.8.0.tgz 912ms (cache miss)
249 timing reifyNode:node_modules/get-package-type Completed in 983ms
250 timing reifyNode:node_modules/knex/node_modules/debug Completed in 986ms
251 timing reifyNode:node_modules/rechoir Completed in 987ms
252 http fetch GET 200 https://registry.npmjs.org/safe-buffer/-/safe-buffer-5.1.2.tgz 900ms (cache miss)
253 timing reifyNode:node_modules/mysql/node_modules/safe-buffer Completed in 988ms
254 timing reifyNode:node_modules/supports-preserve-symlinks-flag Completed in 994ms
255 http fetch GET 200 https://registry.npmjs.org/safe-buffer/-/safe-buffer-5.1.2.tgz 910ms (cache miss)
256 timing reifyNode:node_modules/string_decoder/node_modules/safe-buffer Completed in 995ms
257 timing reifyNode:node_modules/is-core-module Completed in 997ms
258 http fetch GET 200 https://registry.npmjs.org/escalade/-/escalade-3.1.1.tgz 923ms (cache miss)
259 timing reifyNode:node_modules/escalade Completed in 1007ms
260 http fetch GET 200 https://registry.npmjs.org/tarn/-/tarn-3.0.2.tgz 1082ms (cache miss)
261 timing reifyNode:node_modules/tarn Completed in 1183ms
262 http fetch GET 200 https://registry.npmjs.org/esm/-/esm-3.2.25.tgz 1127ms (cache miss)
263 timing reifyNode:node_modules/esm Completed in 1199ms
264 http fetch GET 200 https://registry.npmjs.org/commander/-/commander-9.4.0.tgz 1130ms (cache miss)
265 timing reifyNode:node_modules/commander Completed in 1205ms
266 http fetch GET 200 https://registry.npmjs.org/bignumber.js/-/bignumber.js-9.0.0.tgz 1170ms (cache miss)
267 timing reifyNode:node_modules/bignumber.js Completed in 1225ms
268 http fetch GET 200 https://registry.npmjs.org/readable-stream/-/readable-stream-2.3.7.tgz 1268ms (cache miss)
269 timing reifyNode:node_modules/readable-stream Completed in 1324ms
270 http fetch GET 200 https://registry.npmjs.org/mysql/-/mysql-2.18.1.tgz 1776ms (cache miss)
271 timing reifyNode:node_modules/mysql Completed in 1854ms
272 timing reifyNode:node_modules/resolve Completed in 1994ms
273 http fetch GET 200 https://registry.npmjs.org/knex/-/knex-2.2.0.tgz 2708ms (cache miss)
274 timing reifyNode:node_modules/knex Completed in 2788ms
275 http fetch GET 200 https://registry.npmjs.org/lodash/-/lodash-4.17.21.tgz 6527ms (cache miss)
276 timing reifyNode:node_modules/lodash Completed in 6593ms
277 timing reify:unpack Completed in 6597ms
278 timing reify:unretire Completed in 0ms
279 timing build:queue Completed in 4ms
280 timing build:link:node_modules/resolve Completed in 14ms
281 timing build:link:node_modules/knex Completed in 36ms
282 timing build:link Completed in 36ms
283 timing build:deps Completed in 43ms
284 timing build Completed in 43ms
285 timing reify:build Completed in 43ms
286 timing reify:trash Completed in 0ms
287 timing reify:save Completed in 297ms
288 timing reify Completed in 12783ms
289 silly ADD node_modules/supports-preserve-symlinks-flag
290 silly ADD node_modules/path-parse
291 silly ADD node_modules/is-core-module
292 silly ADD node_modules/resolve
293 silly ADD node_modules/util-deprecate
294 silly ADD node_modules/string_decoder
295 silly ADD node_modules/string_decoder/node_modules/safe-buffer
296 silly ADD node_modules/process-nextick-args
297 silly ADD node_modules/isarray
298 silly ADD node_modules/core-util-is
299 silly ADD node_modules/sqlstring
300 silly ADD node_modules/readable-stream
301 silly ADD node_modules/readable-stream/node_modules/safe-buffer
302 silly ADD node_modules/bignumber.js
303 silly ADD node_modules/tildify
304 silly ADD node_modules/tarn
305 silly ADD node_modules/resolve-from
306 silly ADD node_modules/rechoir
307 silly ADD node_modules/pg-connection-string
308 silly ADD node_modules/lodash
309 silly ADD node_modules/interpret
310 silly ADD node_modules/getopts
311 silly ADD node_modules/get-package-type
312 silly ADD node_modules/esm
313 silly ADD node_modules/escalade
314 silly ADD node_modules/commander
315 silly ADD node_modules/colorette
316 silly ADD node_modules/mysql
317 silly ADD node_modules/mysql/node_modules/safe-buffer
318 silly ADD node_modules/knex
319 silly ADD node_modules/knex/node_modules/ms
320 silly ADD node_modules/knex/node_modules/debug
321 silly ADD node_modules/@types/knex
322 timing command:i Completed in 12798ms
323 verbose exit 0
324 timing npm Completed in 13025ms
325 info ok
